
ROM used: 5786 (18%)
          5790 (18%) including unused fragments

          1 Average locations per line
          7 Average locations per statement

RAM used: 843 (41%) at main() level
          877 (43%) worst case

Stack used: 13 worst case (out of 31 total available)

Lines Stmts  %   Files
----- ----- ---  -----
   77    25   3  arc_usb_cdc.c
  459     0   0  ..\..\..\..\..\..\Program Files\PICC\devices\18F4550.h
  582   125  16  ..\..\..\..\..\..\Program Files\PICC\Drivers\usb_cdc.h
  222     0   0  ..\..\..\..\..\..\Program Files\PICC\Drivers\pic18_usb.h
  328     0   0  ..\..\..\..\..\..\Program Files\PICC\Drivers\usb_hw_layer.h
  279     0   0  ..\..\..\..\..\..\Program Files\PICC\Drivers\usb_desc_cdc.h
 1063     0   0  ..\..\..\..\..\..\Program Files\PICC\Drivers\usb.h
  808   237  30  ..\..\..\..\..\..\Program Files\PICC\Drivers\usb.c
 1281   320  40  ..\..\..\..\..\..\Program Files\PICC\Drivers\pic18_usb.c
   28    96  12  ..\..\..\..\..\..\Program Files\PICC\Drivers\ctype.h
----- -----
 5127   803 Total

Page ROM  %  RAM   Vol Diff  Functions:
---- --- --- ---   --- ----  ----------
0     32   0   0             @const180
0     32   0   0             @const182
0     48   0   0             @const184
0     48   0   0             @const186
0     84   1   0             @const188
0     18   0   0             @const190
0     24   0   0             @const192
0     34   0   0             @const196
0     52   0   0             @const199
0     34   0   5             @MUL1616
0     86   1   3   133  4.3  usb_tbe
0     40   0   1   134  2.5  usb_detach
0     34   0   0   136  2.2  usb_attach
0      6   0   0    16  1.0  usb_init_cs
0     36   0   1   346  4.6  usb_task
0    290   3   7  1083  5.4  usb_flush_in
0    166   1  10   320  5.5  usb_put_packet
0    252   2   7   899  4.9  usb_flush_out
0     68   1   3    61  2.6  usb_rx_packet_size
0    102   1   4   251  4.6  usb_stall_ep
0    100   1   4   258  4.6  usb_unstall_ep
0    118   1   5   360  5.8  usb_endpoint_stalled
0     26   0   1    88  2.7  usb_set_address
0    484   4  10  1722  9.8  usb_set_configured
0    112   1   3   192  3.2  usb_disable_endpoint
0     30   0   1    93  2.9  usb_disable_endpoints
0      4   0   0    39  2.0  usb_clear_trn
0    136   1   2   638  6.6  usb_isr
0      6   0   0    43  2.0  usb_isr_sof
0     42   0   0   357  4.2  usb_isr_rst
0     32   0   0   508  4.0  usb_init_ep0_setup
0      8   0   0    74  2.8  usb_isr_uerr
0     10   0   0    82  2.8  usb_isr_uidle
0     16   0   0   102  3.3  usb_isr_activity
0     14   0   0   151  3.9  usb_isr_stall
0      6   0   1    30  1.7  usb_request_send_response
0      6   0   0    22  1.2  usb_request_get_data
0      6   0   0    22  1.2  usb_request_stall
0    458   4   5  2031  7.9  usb_isr_tok_dne
0      8   0   0    29  1.9  usb_enumerated
0     44   0   3   248  4.0  usb_token_reset
0     80   1   3   267  5.9  usb_endpoint_is_valid
0     50   0   1   204  3.1  usb_isr_tok_in_dne
0     30   0   1   108  2.5  usb_isr_tok_out_dne
0     52   0   0   336  5.5  usb_isr_tok_setup_dne
0    184   2   0  1454  8.3  usb_isr_tkn_setup_StandardDevice
0    158   1   3   930  7.7  usb_isr_tkn_setup_StandardInterface
0    106   1   0   753  5.8  usb_isr_tkn_setup_StandardEndpoint
0    146   1   0  1088  8.7  usb_Get_Descriptor
0     14   0   0    76  1.8  usb_finish_set_address
0    118   1   4   591  8.6  usb_copy_desc_seg_to_ep
0    100   1   0   401  6.1  usb_isr_tok_out_cdc_control_dne
0    176   2   0  1121  8.3  usb_isr_tkn_cdc
0     28   0   0   174  3.6  usb_isr_tok_out_cdc_data_dne
0     10   0   0    30  1.5  usb_isr_tok_in_cdc_data_dne
0     42   0   2    86  2.1  usb_cdc_flush_out_buffer
0     34   0   0   255  2.3  usb_cdc_init
0     16   0   0    59  2.3  usb_cdc_get_discard
0     62   1   2   216  5.7  usb_cdc_getc
0   1058   9   2   615  6.7  MAIN

Program metrics:
    Functions               50
    Statements              803
    Comments                3504
    Volume (V)              35972
    Difficilty (D)          218.8
    Effort to implement (E) 7868943
    Time to implement (T)   121 hours, 26 minutes
    Est Delivered Bugs (B)  13
    Cyclomatic Complexity   123
    Maintainability (MI)    111

 Segment     Used  Free
-----------  ----  ----
00000-00FFE     0  4096  
01000-01006     4  4  
01008-010AC   166  0  
010AE-07FFE  5616  22882  



